{
  "RSpec": {
    "coverage": {
      "/Users/evadinckel/Projects/oystercard2/spec/station_spec.rb": [
        1,
        null,
        1,
        3,
        null,
        null,
        1,
        1,
        null,
        1,
        1,
        null,
        null,
        null
      ],
      "/Users/evadinckel/Projects/oystercard2/lib/station.rb": [
        1,
        1,
        null,
        1,
        2,
        2,
        null,
        null,
        null
      ]
    },
    "timestamp": 1509622140
  }
}
